This is pdfTeX, Version 3.141592653-2.6-1.40.26 (TeX Live 2024) (preloaded format=pdflatex 2024.10.24)  10 DEC 2024 12:43
entering extended mode
 restricted \write18 enabled.
 file:line:error style messages enabled.
 %&-line parsing enabled.
**wireless-report.tex
(./wireless-report.tex
LaTeX2e <2023-11-01> patch level 1
L3 programming layer <2024-02-20>
(/usr/local/texlive/2024/texmf-dist/tex/latex/base/article.cls
Document Class: article 2023/05/17 v1.4n Standard LaTeX document class
(/usr/local/texlive/2024/texmf-dist/tex/latex/base/size10.clo
File: size10.clo 2023/05/17 v1.4n Standard LaTeX file (size option)
)
\c@part=\count188
\c@section=\count189
\c@subsection=\count190
\c@subsubsection=\count191
\c@paragraph=\count192
\c@subparagraph=\count193
\c@figure=\count194
\c@table=\count195
\abovecaptionskip=\skip48
\belowcaptionskip=\skip49
\bibindent=\dimen140
)
(/usr/local/texlive/2024/texmf-dist/tex/latex/appendix/appendix.sty
Package: appendix 2020/02/08 v1.2c extra appendix facilities
\c@@pps=\count196
\c@@ppsavesec=\count197
\c@@ppsaveapp=\count198
)
(/usr/local/texlive/2024/texmf-dist/tex/latex/graphics/graphicx.sty
Package: graphicx 2021/09/16 v1.2d Enhanced LaTeX Graphics (DPC,SPQR)

(/usr/local/texlive/2024/texmf-dist/tex/latex/graphics/keyval.sty
Package: keyval 2022/05/29 v1.15 key=value parser (DPC)
\KV@toks@=\toks17
)
(/usr/local/texlive/2024/texmf-dist/tex/latex/graphics/graphics.sty
Package: graphics 2022/03/10 v1.4e Standard LaTeX Graphics (DPC,SPQR)

(/usr/local/texlive/2024/texmf-dist/tex/latex/graphics/trig.sty
Package: trig 2021/08/11 v1.11 sin cos tan (DPC)
)
(/usr/local/texlive/2024/texmf-dist/tex/latex/graphics-cfg/graphics.cfg
File: graphics.cfg 2016/06/04 v1.11 sample graphics configuration
)
Package graphics Info: Driver file: pdftex.def on input line 107.

(/usr/local/texlive/2024/texmf-dist/tex/latex/graphics-def/pdftex.def
File: pdftex.def 2022/09/22 v1.2b Graphics/color driver for pdftex
))
\Gin@req@height=\dimen141
\Gin@req@width=\dimen142
)
(/usr/local/texlive/2024/texmf-dist/tex/latex/float/float.sty
Package: float 2001/11/08 v1.3d Float enhancements (AL)
\c@float@type=\count199
\float@exts=\toks18
\float@box=\box51
\@float@everytoks=\toks19
\@floatcapt=\box52
)
(/usr/local/texlive/2024/texmf-dist/tex/latex/base/inputenc.sty
Package: inputenc 2021/02/14 v1.3d Input encoding file
\inpenc@prehook=\toks20
\inpenc@posthook=\toks21
)
(/usr/local/texlive/2024/texmf-dist/tex/latex/amsmath/amsmath.sty
Package: amsmath 2023/05/13 v2.17o AMS math features
\@mathmargin=\skip50

For additional information on amsmath, use the `?' option.
(/usr/local/texlive/2024/texmf-dist/tex/latex/amsmath/amstext.sty
Package: amstext 2021/08/26 v2.01 AMS text

(/usr/local/texlive/2024/texmf-dist/tex/latex/amsmath/amsgen.sty
File: amsgen.sty 1999/11/30 v2.0 generic functions
\@emptytoks=\toks22
\ex@=\dimen143
))
(/usr/local/texlive/2024/texmf-dist/tex/latex/amsmath/amsbsy.sty
Package: amsbsy 1999/11/29 v1.2d Bold Symbols
\pmbraise@=\dimen144
)
(/usr/local/texlive/2024/texmf-dist/tex/latex/amsmath/amsopn.sty
Package: amsopn 2022/04/08 v2.04 operator names
)
\inf@bad=\count266
LaTeX Info: Redefining \frac on input line 234.
\uproot@=\count267
\leftroot@=\count268
LaTeX Info: Redefining \overline on input line 399.
LaTeX Info: Redefining \colon on input line 410.
\classnum@=\count269
\DOTSCASE@=\count270
LaTeX Info: Redefining \ldots on input line 496.
LaTeX Info: Redefining \dots on input line 499.
LaTeX Info: Redefining \cdots on input line 620.
\Mathstrutbox@=\box53
\strutbox@=\box54
LaTeX Info: Redefining \big on input line 722.
LaTeX Info: Redefining \Big on input line 723.
LaTeX Info: Redefining \bigg on input line 724.
LaTeX Info: Redefining \Bigg on input line 725.
\big@size=\dimen145
LaTeX Font Info:    Redeclaring font encoding OML on input line 743.
LaTeX Font Info:    Redeclaring font encoding OMS on input line 744.
\macc@depth=\count271
LaTeX Info: Redefining \bmod on input line 905.
LaTeX Info: Redefining \pmod on input line 910.
LaTeX Info: Redefining \smash on input line 940.
LaTeX Info: Redefining \relbar on input line 970.
LaTeX Info: Redefining \Relbar on input line 971.
\c@MaxMatrixCols=\count272
\dotsspace@=\muskip16
\c@parentequation=\count273
\dspbrk@lvl=\count274
\tag@help=\toks23
\row@=\count275
\column@=\count276
\maxfields@=\count277
\andhelp@=\toks24
\eqnshift@=\dimen146
\alignsep@=\dimen147
\tagshift@=\dimen148
\tagwidth@=\dimen149
\totwidth@=\dimen150
\lineht@=\dimen151
\@envbody=\toks25
\multlinegap=\skip51
\multlinetaggap=\skip52
\mathdisplay@stack=\toks26
LaTeX Info: Redefining \[ on input line 2953.
LaTeX Info: Redefining \] on input line 2954.
)
(/usr/local/texlive/2024/texmf-dist/tex/latex/amsfonts/amssymb.sty
Package: amssymb 2013/01/14 v3.01 AMS font symbols

(/usr/local/texlive/2024/texmf-dist/tex/latex/amsfonts/amsfonts.sty
Package: amsfonts 2013/01/14 v3.01 Basic AMSFonts support
\symAMSa=\mathgroup4
\symAMSb=\mathgroup5
LaTeX Font Info:    Redeclaring math symbol \hbar on input line 98.
LaTeX Font Info:    Overwriting math alphabet `\mathfrak' in version `bold'
(Font)                  U/euf/m/n --> U/euf/b/n on input line 106.
))
(/usr/local/texlive/2024/texmf-dist/tex/latex/amscls/amsthm.sty
Package: amsthm 2020/05/29 v2.20.6
\thm@style=\toks27
\thm@bodyfont=\toks28
\thm@headfont=\toks29
\thm@notefont=\toks30
\thm@headpunct=\toks31
\thm@preskip=\skip53
\thm@postskip=\skip54
\thm@headsep=\skip55
\dth@everypar=\toks32
)
(/usr/local/texlive/2024/texmf-dist/tex/latex/listings/listings.sty
\lst@mode=\count278
\lst@gtempboxa=\box55
\lst@token=\toks33
\lst@length=\count279
\lst@currlwidth=\dimen152
\lst@column=\count280
\lst@pos=\count281
\lst@lostspace=\dimen153
\lst@width=\dimen154
\lst@newlines=\count282
\lst@lineno=\count283
\lst@maxwidth=\dimen155

(/usr/local/texlive/2024/texmf-dist/tex/latex/listings/lstpatch.sty
File: lstpatch.sty 2024/02/21 1.10 (Carsten Heinz)
)
(/usr/local/texlive/2024/texmf-dist/tex/latex/listings/lstmisc.sty
File: lstmisc.sty 2024/02/21 1.10 (Carsten Heinz)
\c@lstnumber=\count284
\lst@skipnumbers=\count285
\lst@framebox=\box56
)
(/usr/local/texlive/2024/texmf-dist/tex/latex/listings/listings.cfg
File: listings.cfg 2024/02/21 1.10 listings configuration
))
Package: listings 2024/02/21 1.10 (Carsten Heinz)

(/usr/local/texlive/2024/texmf-dist/tex/latex/geometry/geometry.sty
Package: geometry 2020/01/02 v5.9 Page Geometry

(/usr/local/texlive/2024/texmf-dist/tex/generic/iftex/ifvtex.sty
Package: ifvtex 2019/10/25 v1.7 ifvtex legacy package. Use iftex instead.

(/usr/local/texlive/2024/texmf-dist/tex/generic/iftex/iftex.sty
Package: iftex 2022/02/03 v1.0f TeX engine tests
))
\Gm@cnth=\count286
\Gm@cntv=\count287
\c@Gm@tempcnt=\count288
\Gm@bindingoffset=\dimen156
\Gm@wd@mp=\dimen157
\Gm@odd@mp=\dimen158
\Gm@even@mp=\dimen159
\Gm@layoutwidth=\dimen160
\Gm@layoutheight=\dimen161
\Gm@layouthoffset=\dimen162
\Gm@layoutvoffset=\dimen163
\Gm@dimlist=\toks34
)
(/usr/local/texlive/2024/texmf-dist/tex/latex/tocloft/tocloft.sty
Package: tocloft 2017/08/31 v2.3i parameterised ToC, etc., typesetting
Package tocloft Info: The document has section divisions on input line 51.
\cftparskip=\skip56
\cftbeforetoctitleskip=\skip57
\cftaftertoctitleskip=\skip58
\cftbeforepartskip=\skip59
\cftpartnumwidth=\skip60
\cftpartindent=\skip61
\cftbeforesecskip=\skip62
\cftsecindent=\skip63
\cftsecnumwidth=\skip64
\cftbeforesubsecskip=\skip65
\cftsubsecindent=\skip66
\cftsubsecnumwidth=\skip67
\cftbeforesubsubsecskip=\skip68
\cftsubsubsecindent=\skip69
\cftsubsubsecnumwidth=\skip70
\cftbeforeparaskip=\skip71
\cftparaindent=\skip72
\cftparanumwidth=\skip73
\cftbeforesubparaskip=\skip74
\cftsubparaindent=\skip75
\cftsubparanumwidth=\skip76
\cftbeforeloftitleskip=\skip77
\cftafterloftitleskip=\skip78
\cftbeforefigskip=\skip79
\cftfigindent=\skip80
\cftfignumwidth=\skip81
\c@lofdepth=\count289
\c@lotdepth=\count290
\cftbeforelottitleskip=\skip82
\cftafterlottitleskip=\skip83
\cftbeforetabskip=\skip84
\cfttabindent=\skip85
\cfttabnumwidth=\skip86
)
(/usr/local/texlive/2024/texmf-dist/tex/latex/cite/cite.sty
LaTeX Info: Redefining \cite on input line 302.
LaTeX Info: Redefining \nocite on input line 332.
Package: cite 2015/02/27  v 5.5
)
(/usr/local/texlive/2024/texmf-dist/tex/latex/l3backend/l3backend-pdftex.def
File: l3backend-pdftex.def 2024-02-20 L3 backend support: PDF output (pdfTeX)
\l__color_backend_stack_int=\count291
\l__pdf_internal_box=\box57
)
(./wireless-report.aux)
\openout1 = `wireless-report.aux'.

LaTeX Font Info:    Checking defaults for OML/cmm/m/it on input line 18.
LaTeX Font Info:    ... okay on input line 18.
LaTeX Font Info:    Checking defaults for OMS/cmsy/m/n on input line 18.
LaTeX Font Info:    ... okay on input line 18.
LaTeX Font Info:    Checking defaults for OT1/cmr/m/n on input line 18.
LaTeX Font Info:    ... okay on input line 18.
LaTeX Font Info:    Checking defaults for T1/cmr/m/n on input line 18.
LaTeX Font Info:    ... okay on input line 18.
LaTeX Font Info:    Checking defaults for TS1/cmr/m/n on input line 18.
LaTeX Font Info:    ... okay on input line 18.
LaTeX Font Info:    Checking defaults for OMX/cmex/m/n on input line 18.
LaTeX Font Info:    ... okay on input line 18.
LaTeX Font Info:    Checking defaults for U/cmr/m/n on input line 18.
LaTeX Font Info:    ... okay on input line 18.

(/usr/local/texlive/2024/texmf-dist/tex/context/base/mkii/supp-pdf.mkii
[Loading MPS to PDF converter (version 2006.09.02).]
\scratchcounter=\count292
\scratchdimen=\dimen164
\scratchbox=\box58
\nofMPsegments=\count293
\nofMParguments=\count294
\everyMPshowfont=\toks35
\MPscratchCnt=\count295
\MPscratchDim=\dimen165
\MPnumerator=\count296
\makeMPintoPDFobject=\count297
\everyMPtoPDFconversion=\toks36
) (/usr/local/texlive/2024/texmf-dist/tex/latex/epstopdf-pkg/epstopdf-base.sty
Package: epstopdf-base 2020-01-24 v2.11 Base part for package epstopdf
Package epstopdf-base Info: Redefining graphics rule for `.eps' on input line 4
85.

(/usr/local/texlive/2024/texmf-dist/tex/latex/latexconfig/epstopdf-sys.cfg
File: epstopdf-sys.cfg 2010/07/13 v1.3 Configuration of (r)epstopdf for TeX Liv
e
))
\c@lstlisting=\count298

*geometry* driver: auto-detecting
*geometry* detected driver: pdftex
*geometry* verbose mode - [ preamble ] result:
* driver: pdftex
* paper: letterpaper
* layout: <same size as paper>
* layoutoffset:(h,v)=(0.0pt,0.0pt)
* modes: 
* h-part:(L,W,R)=(72.26999pt, 469.75502pt, 72.26999pt)
* v-part:(T,H,B)=(72.26999pt, 643.20256pt, 79.49744pt)
* \paperwidth=614.295pt
* \paperheight=794.96999pt
* \textwidth=469.75502pt
* \textheight=643.20256pt
* \oddsidemargin=0.0pt
* \evensidemargin=0.0pt
* \topmargin=-37.0pt
* \headheight=12.0pt
* \headsep=25.0pt
* \topskip=10.0pt
* \footskip=30.0pt
* \marginparwidth=65.0pt
* \marginparsep=11.0pt
* \columnsep=10.0pt
* \skip\footins=9.0pt plus 4.0pt minus 2.0pt
* \hoffset=0.0pt
* \voffset=0.0pt
* \mag=1000
* \@twocolumnfalse
* \@twosidefalse
* \@mparswitchfalse
* \@reversemarginfalse
* (1in=72.27pt=25.4mm, 1cm=28.453pt)

LaTeX Font Info:    Trying to load font information for U+msa on input line 19.

(/usr/local/texlive/2024/texmf-dist/tex/latex/amsfonts/umsa.fd
File: umsa.fd 2013/01/14 v3.01 AMS symbols A
)
LaTeX Font Info:    Trying to load font information for U+msb on input line 19.


(/usr/local/texlive/2024/texmf-dist/tex/latex/amsfonts/umsb.fd
File: umsb.fd 2013/01/14 v3.01 AMS symbols B
) [1

{/usr/local/texlive/2024/texmf-var/fonts/map/pdftex/updmap/pdftex.map}]
(./wireless-report.toc)
\tf@toc=\write3
\openout3 = `wireless-report.toc'.

 [2] (./wireless-report.lot)
\tf@lot=\write4
\openout4 = `wireless-report.lot'.

 (./wireless-report.lof)
\tf@lof=\write5
\openout5 = `wireless-report.lof'.


[3] [4]
Underfull \hbox (badness 10000) in paragraph at lines 41--42

 []

<~/Desktop/git/first-repo/wireless/report/snapshots/SDN.png, id=22, 504.88625pt
 x 246.42062pt>
File: ~/Desktop/git/first-repo/wireless/report/snapshots/SDN.png Graphic file (
type png)
<use ~/Desktop/git/first-repo/wireless/report/snapshots/SDN.png>
Package pdftex.def Info: ~/Desktop/git/first-repo/wireless/report/snapshots/SDN
.png  used on input line 47.
(pdftex.def)             Requested size: 328.82707pt x 160.49109pt.
[5 </Users/ekow/Desktop/git/first-repo/wireless/report/snapshots/SDN.png>]
<~/Desktop/git/first-repo/wireless/report/snapshots/SDN1.png, id=28, 367.3725pt
 x 250.9375pt>
File: ~/Desktop/git/first-repo/wireless/report/snapshots/SDN1.png Graphic file 
(type png)
<use ~/Desktop/git/first-repo/wireless/report/snapshots/SDN1.png>
Package pdftex.def Info: ~/Desktop/git/first-repo/wireless/report/snapshots/SDN
1.png  used on input line 56.
(pdftex.def)             Requested size: 234.8775pt x 160.43861pt.

Underfull \hbox (badness 10000) in paragraph at lines 62--64

 []


Underfull \hbox (badness 10000) in paragraph at lines 62--64

 []

[6 </Users/ekow/Desktop/git/first-repo/wireless/report/snapshots/SDN1.png>]
<~/Desktop/git/first-repo/wireless/report/snapshots/floorplan1.png, id=33, 749.
80125pt x 382.42876pt>
File: ~/Desktop/git/first-repo/wireless/report/snapshots/floorplan1.png Graphic
 file (type png)
<use ~/Desktop/git/first-repo/wireless/report/snapshots/floorplan1.png>
Package pdftex.def Info: ~/Desktop/git/first-repo/wireless/report/snapshots/flo
orplan1.png  used on input line 74.
(pdftex.def)             Requested size: 211.3883pt x 107.81458pt.
<~/Desktop/git/first-repo/wireless/report/snapshots/floorplan.png, id=34, 487.8
225pt x 363.3575pt>
File: ~/Desktop/git/first-repo/wireless/report/snapshots/floorplan.png Graphic 
file (type png)
<use ~/Desktop/git/first-repo/wireless/report/snapshots/floorplan.png>
Package pdftex.def Info: ~/Desktop/git/first-repo/wireless/report/snapshots/flo
orplan.png  used on input line 79.
(pdftex.def)             Requested size: 169.10808pt x 125.9628pt.

Underfull \hbox (badness 10000) in paragraph at lines 69--84

 []


Overfull \hbox (15.62105pt too wide) in paragraph at lines 88--102
 [][] 
 []


Overfull \hbox (20.17636pt too wide) in paragraph at lines 107--116
 [][] 
 []

[7 </Users/ekow/Desktop/git/first-repo/wireless/report/snapshots/floorplan1.png
> </Users/ekow/Desktop/git/first-repo/wireless/report/snapshots/floorplan.png>]
<~/Desktop/git/first-repo/wireless/report/snapshots/beforeMobility.png, id=41, 
630.355pt x 453.695pt>
File: ~/Desktop/git/first-repo/wireless/report/snapshots/beforeMobility.png Gra
phic file (type png)
<use ~/Desktop/git/first-repo/wireless/report/snapshots/beforeMobility.png>
Package pdftex.def Info: ~/Desktop/git/first-repo/wireless/report/snapshots/bef
oreMobility.png  used on input line 123.
(pdftex.def)             Requested size: 211.3883pt x 152.14279pt.
<~/Desktop/git/first-repo/wireless/report/snapshots/afterMobility.png, id=42, 6
30.355pt x 453.695pt>
File: ~/Desktop/git/first-repo/wireless/report/snapshots/afterMobility.png Grap
hic file (type png)
<use ~/Desktop/git/first-repo/wireless/report/snapshots/afterMobility.png>
Package pdftex.def Info: ~/Desktop/git/first-repo/wireless/report/snapshots/aft
erMobility.png  used on input line 128.
(pdftex.def)             Requested size: 211.3883pt x 152.14279pt.
<~/Desktop/git/first-repo/wireless/report/snapshots/sta1.png, id=43, 697.60625p
t x 219.82124pt>
File: ~/Desktop/git/first-repo/wireless/report/snapshots/sta1.png Graphic file 
(type png)
<use ~/Desktop/git/first-repo/wireless/report/snapshots/sta1.png>
Package pdftex.def Info: ~/Desktop/git/first-repo/wireless/report/snapshots/sta
1.png  used on input line 133.
(pdftex.def)             Requested size: 211.3883pt x 66.61101pt.
<~/Desktop/git/first-repo/wireless/report/snapshots/sta2.png, id=44, 692.5875pt
 x 190.7125pt>
File: ~/Desktop/git/first-repo/wireless/report/snapshots/sta2.png Graphic file 
(type png)
<use ~/Desktop/git/first-repo/wireless/report/snapshots/sta2.png>
Package pdftex.def Info: ~/Desktop/git/first-repo/wireless/report/snapshots/sta
2.png  used on input line 134.
(pdftex.def)             Requested size: 211.3883pt x 58.2065pt.
<~/Desktop/git/first-repo/wireless/report/snapshots/sta3.png, id=45, 696.6025pt
 x 222.8325pt>
File: ~/Desktop/git/first-repo/wireless/report/snapshots/sta3.png Graphic file 
(type png)
<use ~/Desktop/git/first-repo/wireless/report/snapshots/sta3.png>
Package pdftex.def Info: ~/Desktop/git/first-repo/wireless/report/snapshots/sta
3.png  used on input line 135.
(pdftex.def)             Requested size: 211.3883pt x 67.6187pt.

Underfull \hbox (badness 10000) in paragraph at lines 133--136
[][]
 []


Underfull \hbox (badness 10000) in paragraph at lines 133--136
[]
 []

<~/Desktop/git/first-repo/wireless/report/snapshots/ping1.png, id=46, 458.71375
pt x 126.4725pt>
File: ~/Desktop/git/first-repo/wireless/report/snapshots/ping1.png Graphic file
 (type png)
<use ~/Desktop/git/first-repo/wireless/report/snapshots/ping1.png>
Package pdftex.def Info: ~/Desktop/git/first-repo/wireless/report/snapshots/pin
g1.png  used on input line 140.
(pdftex.def)             Requested size: 211.3883pt x 58.28226pt.
<~/Desktop/git/first-repo/wireless/report/snapshots/ping2.png, id=47, 458.71375
pt x 126.4725pt>
File: ~/Desktop/git/first-repo/wireless/report/snapshots/ping2.png Graphic file
 (type png)
<use ~/Desktop/git/first-repo/wireless/report/snapshots/ping2.png>
Package pdftex.def Info: ~/Desktop/git/first-repo/wireless/report/snapshots/pin
g2.png  used on input line 141.
(pdftex.def)             Requested size: 211.3883pt x 58.28226pt.
<~/Desktop/git/first-repo/wireless/report/snapshots/ping3.png, id=48, 458.71375
pt x 132.495pt>
File: ~/Desktop/git/first-repo/wireless/report/snapshots/ping3.png Graphic file
 (type png)
<use ~/Desktop/git/first-repo/wireless/report/snapshots/ping3.png>
Package pdftex.def Info: ~/Desktop/git/first-repo/wireless/report/snapshots/pin
g3.png  used on input line 142.
(pdftex.def)             Requested size: 211.3883pt x 61.0576pt.

Underfull \hbox (badness 10000) in paragraph at lines 140--143
[][]
 []


Underfull \hbox (badness 10000) in paragraph at lines 140--143
[]
 []


Underfull \hbox (badness 10000) in paragraph at lines 122--146
[]$[]$$[]$
 []


Overfull \hbox (2.2222pt too wide) in paragraph at lines 122--146
[]$ $[]$ 
 []


Underfull \hbox (badness 10000) in paragraph at lines 120--147

 []


Underfull \hbox (badness 10000) in paragraph at lines 120--147

 []


Underfull \hbox (badness 10000) in paragraph at lines 120--147

 []


Underfull \hbox (badness 10000) in paragraph at lines 120--147

 []


Underfull \hbox (badness 10000) in paragraph at lines 120--147

 []

[8] [9 </Users/ekow/Desktop/git/first-repo/wireless/report/snapshots/beforeMobi
lity.png> </Users/ekow/Desktop/git/first-repo/wireless/report/snapshots/afterMo
bility.png> </Users/ekow/Desktop/git/first-repo/wireless/report/snapshots/sta1.
png> </Users/ekow/Desktop/git/first-repo/wireless/report/snapshots/sta2.png> </
Users/ekow/Desktop/git/first-repo/wireless/report/snapshots/sta3.png> </Users/e
kow/Desktop/git/first-repo/wireless/report/snapshots/ping1.png> </Users/ekow/De
sktop/git/first-repo/wireless/report/snapshots/ping2.png> </Users/ekow/Desktop/
git/first-repo/wireless/report/snapshots/ping3.png>]
<~/Desktop/git/first-repo/wireless/report/snapshots/adhoc.png, id=64, 470.75874
pt x 229.85875pt>
File: ~/Desktop/git/first-repo/wireless/report/snapshots/adhoc.png Graphic file
 (type png)
<use ~/Desktop/git/first-repo/wireless/report/snapshots/adhoc.png>
Package pdftex.def Info: ~/Desktop/git/first-repo/wireless/report/snapshots/adh
oc.png  used on input line 155.
(pdftex.def)             Requested size: 187.89914pt x 91.74544pt.

Overfull \hbox (5.54478pt too wide) in paragraph at lines 169--178
[][] 
 []


LaTeX Warning: `h' float specifier changed to `ht'.

[10{/usr/local/texlive/2024/texmf-dist/fonts/enc/dvips/cm-super/cm-super-ts1.en
c} </Users/ekow/Desktop/git/first-repo/wireless/report/snapshots/adhoc.png>]
<~/Desktop/git/first-repo/wireless/report/snapshots/batman_adv1.png, id=70, 973
.6375pt x 306.14375pt>
File: ~/Desktop/git/first-repo/wireless/report/snapshots/batman_adv1.png Graphi
c file (type png)
<use ~/Desktop/git/first-repo/wireless/report/snapshots/batman_adv1.png>
Package pdftex.def Info: ~/Desktop/git/first-repo/wireless/report/snapshots/bat
man_adv1.png  used on input line 190.
(pdftex.def)             Requested size: 281.85587pt x 88.62524pt.
<~/Desktop/git/first-repo/wireless/report/snapshots/batman_adv.png, id=71, 817.
0525pt x 348.30125pt>
File: ~/Desktop/git/first-repo/wireless/report/snapshots/batman_adv.png Graphic
 file (type png)
<use ~/Desktop/git/first-repo/wireless/report/snapshots/batman_adv.png>
Package pdftex.def Info: ~/Desktop/git/first-repo/wireless/report/snapshots/bat
man_adv.png  used on input line 191.
(pdftex.def)             Requested size: 281.85587pt x 120.15343pt.
<~/Desktop/git/first-repo/wireless/report/snapshots/batmand1.png, id=72, 973.63
75pt x 314.17375pt>
File: ~/Desktop/git/first-repo/wireless/report/snapshots/batmand1.png Graphic f
ile (type png)
<use ~/Desktop/git/first-repo/wireless/report/snapshots/batmand1.png>
Package pdftex.def Info: ~/Desktop/git/first-repo/wireless/report/snapshots/bat
mand1.png  used on input line 198.
(pdftex.def)             Requested size: 281.85587pt x 90.94984pt.
<~/Desktop/git/first-repo/wireless/report/snapshots/batmand.png, id=73, 821.067
5pt x 359.3425pt>
File: ~/Desktop/git/first-repo/wireless/report/snapshots/batmand.png Graphic fi
le (type png)
<use ~/Desktop/git/first-repo/wireless/report/snapshots/batmand.png>
Package pdftex.def Info: ~/Desktop/git/first-repo/wireless/report/snapshots/bat
mand.png  used on input line 199.
(pdftex.def)             Requested size: 281.85587pt x 123.3537pt.

Underfull \hbox (badness 10000) in paragraph at lines 195--203

 []


LaTeX Warning: `h' float specifier changed to `ht'.


Underfull \hbox (badness 10000) in paragraph at lines 203--204

 []

[11 </Users/ekow/Desktop/git/first-repo/wireless/report/snapshots/batman_adv1.p
ng> </Users/ekow/Desktop/git/first-repo/wireless/report/snapshots/batman_adv.pn
g>] [12 </Users/ekow/Desktop/git/first-repo/wireless/report/snapshots/batmand1.
png> </Users/ekow/Desktop/git/first-repo/wireless/report/snapshots/batmand.png>
]

LaTeX Warning: No positions in optional float specifier.
               Default added (so using `tbp') on input line 222.

<~/Desktop/git/first-repo/wireless/report/snapshots/olsrd1.png, id=84, 971.63pt
 x 315.1775pt>
File: ~/Desktop/git/first-repo/wireless/report/snapshots/olsrd1.png Graphic fil
e (type png)
<use ~/Desktop/git/first-repo/wireless/report/snapshots/olsrd1.png>
Package pdftex.def Info: ~/Desktop/git/first-repo/wireless/report/snapshots/ols
rd1.png  used on input line 224.
(pdftex.def)             Requested size: 281.85587pt x 91.42798pt.
<~/Desktop/git/first-repo/wireless/report/snapshots/olsrd.png, id=85, 816.04875
pt x 356.33125pt>
File: ~/Desktop/git/first-repo/wireless/report/snapshots/olsrd.png Graphic file
 (type png)
<use ~/Desktop/git/first-repo/wireless/report/snapshots/olsrd.png>
Package pdftex.def Info: ~/Desktop/git/first-repo/wireless/report/snapshots/ols
rd.png  used on input line 225.
(pdftex.def)             Requested size: 281.85587pt x 123.07578pt.
[13 </Users/ekow/Desktop/git/first-repo/wireless/report/snapshots/olsrd1.png> <
/Users/ekow/Desktop/git/first-repo/wireless/report/snapshots/olsrd.png>]
<~/Desktop/git/first-repo/wireless/report/snapshots/t3-topo.png, id=92, 486.818
76pt x 197.73875pt>
File: ~/Desktop/git/first-repo/wireless/report/snapshots/t3-topo.png Graphic fi
le (type png)
<use ~/Desktop/git/first-repo/wireless/report/snapshots/t3-topo.png>
Package pdftex.def Info: ~/Desktop/git/first-repo/wireless/report/snapshots/t3-
topo.png  used on input line 268.
(pdftex.def)             Requested size: 375.80544pt x 152.64551pt.

Overfull \hbox (7.99081pt too wide) in paragraph at lines 249--272
\OT1/cmtt/m/n/10 sudo mn --custom <python filename> --controller remote,ip=<ONO
S controller IP> --topo <topo
 []

[14]
Underfull \hbox (badness 10000) in paragraph at lines 288--289

 []


Underfull \hbox (badness 10000) in paragraph at lines 288--289

 []

[15 </Users/ekow/Desktop/git/first-repo/wireless/report/snapshots/t3-topo.png>]
<~/Desktop/git/first-repo/wireless/report/snapshots/t3-noping.png, id=100, 306.
14375pt x 119.44624pt>
File: ~/Desktop/git/first-repo/wireless/report/snapshots/t3-noping.png Graphic 
file (type png)
<use ~/Desktop/git/first-repo/wireless/report/snapshots/t3-noping.png>
Package pdftex.def Info: ~/Desktop/git/first-repo/wireless/report/snapshots/t3-
noping.png  used on input line 300.
(pdftex.def)             Requested size: 164.41353pt x 64.14824pt.
<~/Desktop/git/first-repo/wireless/report/snapshots/t3-pingall.png, id=101, 366
.36874pt x 146.5475pt>
File: ~/Desktop/git/first-repo/wireless/report/snapshots/t3-pingall.png Graphic
 file (type png)
<use ~/Desktop/git/first-repo/wireless/report/snapshots/t3-pingall.png>
Package pdftex.def Info: ~/Desktop/git/first-repo/wireless/report/snapshots/t3-
pingall.png  used on input line 304.
(pdftex.def)             Requested size: 164.41353pt x 65.76686pt.

Overfull \hbox (2.2222pt too wide) in paragraph at lines 298--306
[]$[]$ $[]$ 
 []

<~/Desktop/git/first-repo/wireless/report/snapshots/t3-udp.png, id=102, 972.633
74pt x 345.29pt>
File: ~/Desktop/git/first-repo/wireless/report/snapshots/t3-udp.png Graphic fil
e (type png)
<use ~/Desktop/git/first-repo/wireless/report/snapshots/t3-udp.png>
Package pdftex.def Info: ~/Desktop/git/first-repo/wireless/report/snapshots/t3-
udp.png  used on input line 312.
(pdftex.def)             Requested size: 469.75502pt x 166.7647pt.
[16 </Users/ekow/Desktop/git/first-repo/wireless/report/snapshots/t3-noping.png
> </Users/ekow/Desktop/git/first-repo/wireless/report/snapshots/t3-pingall.png>
 </Users/ekow/Desktop/git/first-repo/wireless/report/snapshots/t3-udp.png>]
<~/Desktop/git/first-repo/wireless/report/snapshots/t3-wireshark.png, id=109, 9
18.43124pt x 112.42pt>
File: ~/Desktop/git/first-repo/wireless/report/snapshots/t3-wireshark.png Graph
ic file (type png)
<use ~/Desktop/git/first-repo/wireless/report/snapshots/t3-wireshark.png>
Package pdftex.def Info: ~/Desktop/git/first-repo/wireless/report/snapshots/t3-
wireshark.png  used on input line 321.
(pdftex.def)             Requested size: 469.75502pt x 57.49983pt.

[17 </Users/ekow/Desktop/git/first-repo/wireless/report/snapshots/t3-wireshark.
png>]
<~/Desktop/git/first-repo/wireless/report/snapshots/mc-vs.png, id=114, 486.8187
6pt x 126.4725pt>
File: ~/Desktop/git/first-repo/wireless/report/snapshots/mc-vs.png Graphic file
 (type png)
<use ~/Desktop/git/first-repo/wireless/report/snapshots/mc-vs.png>
Package pdftex.def Info: ~/Desktop/git/first-repo/wireless/report/snapshots/mc-
vs.png  used on input line 349.
(pdftex.def)             Requested size: 328.82707pt x 85.427pt.
<~/Desktop/git/first-repo/wireless/report/snapshots/mc-h1.png, id=115, 486.8187
6pt x 126.4725pt>
File: ~/Desktop/git/first-repo/wireless/report/snapshots/mc-h1.png Graphic file
 (type png)
<use ~/Desktop/git/first-repo/wireless/report/snapshots/mc-h1.png>
Package pdftex.def Info: ~/Desktop/git/first-repo/wireless/report/snapshots/mc-
h1.png  used on input line 350.
(pdftex.def)             Requested size: 328.82707pt x 85.427pt.
<~/Desktop/git/first-repo/wireless/report/snapshots/mc-h2.png, id=116, 486.8187
6pt x 126.4725pt>
File: ~/Desktop/git/first-repo/wireless/report/snapshots/mc-h2.png Graphic file
 (type png)
<use ~/Desktop/git/first-repo/wireless/report/snapshots/mc-h2.png>
Package pdftex.def Info: ~/Desktop/git/first-repo/wireless/report/snapshots/mc-
h2.png  used on input line 351.
(pdftex.def)             Requested size: 328.82707pt x 85.427pt.
 [18 </Users/ekow/Desktop/git/first-repo/wireless/report/snapshots/mc-vs.png> <
/Users/ekow/Desktop/git/first-repo/wireless/report/snapshots/mc-h1.png> </Users
/ekow/Desktop/git/first-repo/wireless/report/snapshots/mc-h2.png>]
<~/Desktop/git/first-repo/wireless/report/snapshots/vs-1.png, id=123, 486.81876
pt x 438.63875pt>
File: ~/Desktop/git/first-repo/wireless/report/snapshots/vs-1.png Graphic file 
(type png)
<use ~/Desktop/git/first-repo/wireless/report/snapshots/vs-1.png>
Package pdftex.def Info: ~/Desktop/git/first-repo/wireless/report/snapshots/vs-
1.png  used on input line 364.
(pdftex.def)             Requested size: 164.41711pt x 148.14462pt.
<~/Desktop/git/first-repo/wireless/report/snapshots/vs-2.png, id=124, 486.81876
pt x 438.63875pt>
File: ~/Desktop/git/first-repo/wireless/report/snapshots/vs-2.png Graphic file 
(type png)
<use ~/Desktop/git/first-repo/wireless/report/snapshots/vs-2.png>
Package pdftex.def Info: ~/Desktop/git/first-repo/wireless/report/snapshots/vs-
2.png  used on input line 365.
(pdftex.def)             Requested size: 164.41711pt x 148.14462pt.
<~/Desktop/git/first-repo/wireless/report/snapshots/vs-3.png, id=125, 486.81876
pt x 438.63875pt>
File: ~/Desktop/git/first-repo/wireless/report/snapshots/vs-3.png Graphic file 
(type png)
<use ~/Desktop/git/first-repo/wireless/report/snapshots/vs-3.png>
Package pdftex.def Info: ~/Desktop/git/first-repo/wireless/report/snapshots/vs-
3.png  used on input line 366.
(pdftex.def)             Requested size: 164.41711pt x 148.14462pt.
<~/Desktop/git/first-repo/wireless/report/snapshots/vs-4.png, id=126, 486.81876
pt x 438.63875pt>
File: ~/Desktop/git/first-repo/wireless/report/snapshots/vs-4.png Graphic file 
(type png)
<use ~/Desktop/git/first-repo/wireless/report/snapshots/vs-4.png>
Package pdftex.def Info: ~/Desktop/git/first-repo/wireless/report/snapshots/vs-
4.png  used on input line 367.
(pdftex.def)             Requested size: 164.41711pt x 148.14462pt.
<~/Desktop/git/first-repo/wireless/report/snapshots/t4-multcasthost1.png, id=12
7, 507.8975pt x 355.3275pt>
File: ~/Desktop/git/first-repo/wireless/report/snapshots/t4-multcasthost1.png G
raphic file (type png)
<use ~/Desktop/git/first-repo/wireless/report/snapshots/t4-multcasthost1.png>
Package pdftex.def Info: ~/Desktop/git/first-repo/wireless/report/snapshots/t4-
multcasthost1.png  used on input line 373.
(pdftex.def)             Requested size: 164.41711pt x 115.02463pt.
<~/Desktop/git/first-repo/wireless/report/snapshots/t4-multcasthost.png, id=128
, 525.965pt x 374.39874pt>
File: ~/Desktop/git/first-repo/wireless/report/snapshots/t4-multcasthost.png Gr
aphic file (type png)
<use ~/Desktop/git/first-repo/wireless/report/snapshots/t4-multcasthost.png>
Package pdftex.def Info: ~/Desktop/git/first-repo/wireless/report/snapshots/t4-
multcasthost.png  used on input line 374.
(pdftex.def)             Requested size: 164.41711pt x 117.0393pt.

[19 </Users/ekow/Desktop/git/first-repo/wireless/report/snapshots/vs-1.png> </U
sers/ekow/Desktop/git/first-repo/wireless/report/snapshots/vs-2.png> </Users/ek
ow/Desktop/git/first-repo/wireless/report/snapshots/vs-3.png> </Users/ekow/Desk
top/git/first-repo/wireless/report/snapshots/vs-4.png> </Users/ekow/Desktop/git
/first-repo/wireless/report/snapshots/t4-multcasthost1.png> </Users/ekow/Deskto
p/git/first-repo/wireless/report/snapshots/t4-multcasthost.png>]
<~/Desktop/git/first-repo/wireless/report/snapshots/t4-multcast.png, id=139, 10
03.75pt x 771.88374pt>
File: ~/Desktop/git/first-repo/wireless/report/snapshots/t4-multcast.png Graphi
c file (type png)
<use ~/Desktop/git/first-repo/wireless/report/snapshots/t4-multcast.png>
Package pdftex.def Info: ~/Desktop/git/first-repo/wireless/report/snapshots/t4-
multcast.png  used on input line 384.
(pdftex.def)             Requested size: 234.8775pt x 180.61536pt.
<~/Desktop/git/first-repo/wireless/report/snapshots/t4-host3.png, id=140, 989.6
975pt x 360.34625pt>
File: ~/Desktop/git/first-repo/wireless/report/snapshots/t4-host3.png Graphic f
ile (type png)
<use ~/Desktop/git/first-repo/wireless/report/snapshots/t4-host3.png>
Package pdftex.def Info: ~/Desktop/git/first-repo/wireless/report/snapshots/t4-
host3.png  used on input line 390.
(pdftex.def)             Requested size: 328.82707pt x 119.7229pt.

Underfull \hbox (badness 10000) in paragraph at lines 394--395

 []

[20 </Users/ekow/Desktop/git/first-repo/wireless/report/snapshots/t4-multcast.p
ng> </Users/ekow/Desktop/git/first-repo/wireless/report/snapshots/t4-host3.png>
]
<~/Desktop/git/first-repo/wireless/report/snapshots/t4-wireshark.png, id=146, 7
25.20938pt x 192.21812pt>
File: ~/Desktop/git/first-repo/wireless/report/snapshots/t4-wireshark.png Graph
ic file (type png)
<use ~/Desktop/git/first-repo/wireless/report/snapshots/t4-wireshark.png>
Package pdftex.def Info: ~/Desktop/git/first-repo/wireless/report/snapshots/t4-
wireshark.png  used on input line 399.
(pdftex.def)             Requested size: 422.77664pt x 112.05852pt.

Overfull \hbox (56.8236pt too wide) in paragraph at lines 408--418
[][] 
 []

[21 </Users/ekow/Desktop/git/first-repo/wireless/report/snapshots/t4-wireshark.
png>] (./wireless-report.bbl
./wireless-report.bbl:35: Misplaced alignment tab character &.
l.35 \newblock {\em IEEE Communications Surveys &
                                                  Tutorials}, 16(1):493--512...

? 
) [22]
LaTeX Font Info:    Trying to load font information for OMS+cmr on input line 4
38.
 (/usr/local/texlive/2024/texmf-dist/tex/latex/base/omscmr.fd
File: omscmr.fd 2023/04/13 v2.5m Standard LaTeX font definitions
)
LaTeX Font Info:    Font shape `OMS/cmr/m/n' in size <10> not available
(Font)              Font shape `OMS/cmsy/m/n' tried instead on input line 438.
 [23]
[24] [25] [26] [27] (./wireless-report.aux)
 ***********
LaTeX2e <2023-11-01> patch level 1
L3 programming layer <2024-02-20>
 ***********
 ) 
Here is how much of TeX's memory you used:
 5840 strings out of 474116
 98157 string characters out of 5743681
 2170187 words of memory out of 5000000
 28132 multiletter control sequences out of 15000+600000
 568933 words of font info for 78 fonts, out of 8000000 for 9000
 1141 hyphenation exceptions out of 8191
 57i,10n,65p,2743b,1547s stack positions out of 10000i,1000n,20000p,200000b,200000s
</usr/local/texlive/2024/texmf-dist/fonts/type1/public/amsfonts/cm/cmbx10.pfb
></usr/local/texlive/2024/texmf-dist/fonts/type1/public/amsfonts/cm/cmbx12.pfb>
</usr/local/texlive/2024/texmf-dist/fonts/type1/public/amsfonts/cm/cmbx9.pfb></
usr/local/texlive/2024/texmf-dist/fonts/type1/public/amsfonts/cm/cmr10.pfb></us
r/local/texlive/2024/texmf-dist/fonts/type1/public/amsfonts/cm/cmr12.pfb></usr/
local/texlive/2024/texmf-dist/fonts/type1/public/amsfonts/cm/cmr17.pfb></usr/lo
cal/texlive/2024/texmf-dist/fonts/type1/public/amsfonts/cm/cmr9.pfb></usr/local
/texlive/2024/texmf-dist/fonts/type1/public/amsfonts/cm/cmsy10.pfb></usr/local/
texlive/2024/texmf-dist/fonts/type1/public/amsfonts/cm/cmti10.pfb></usr/local/t
exlive/2024/texmf-dist/fonts/type1/public/amsfonts/cm/cmtt10.pfb></usr/local/te
xlive/2024/texmf-dist/fonts/type1/public/cm-super/sfrm1000.pfb>
Output written on wireless-report.pdf (27 pages, 3046119 bytes).
PDF statistics:
 220 PDF objects out of 1000 (max. 8388607)
 96 compressed objects within 1 object stream
 0 named destinations out of 1000 (max. 500000)
 181 words of extra memory for PDF output out of 10000 (max. 10000000)

